# Logfile created on 2014-03-24 00:30:20 -0300 by logger.rb/44203
D, [2014-03-24T00:30:20.788767 #14542] DEBUG -- : REQUESTING PAGE: GET /signup with {} and HTTP headers {}
D, [2014-03-24T00:30:20.881925 #14542] DEBUG -- : REQUESTING PAGE: POST /users with {"utf8"=>"✓", "user"=>{"name"=>"", "email"=>"", "password"=>"", "password_confirmation"=>""}, "commit"=>"Sign Up"} and HTTP headers {"HTTP_REFERER"=>"/signup"}
D, [2014-03-24T00:30:20.957371 #14542] DEBUG -- : REQUESTING PAGE: GET /signup with {} and HTTP headers {}
D, [2014-03-24T00:30:21.004553 #14542] DEBUG -- : REQUESTING PAGE: POST /users with {"utf8"=>"✓", "user"=>{"name"=>"Example User", "email"=>"userexample@example.com", "password"=>"foobar", "password_confirmation"=>"foobar"}, "commit"=>"Sign Up"} and HTTP headers {"HTTP_REFERER"=>"/signup"}
D, [2014-03-24T00:30:21.018051 #14542] DEBUG -- : REQUESTING PAGE: GET http://www.example.com/users/1 with {} and HTTP headers {"HTTP_REFERER"=>"/users"}
D, [2014-03-24T00:30:21.064550 #14542] DEBUG -- : REQUESTING PAGE: GET /signin with {} and HTTP headers {}
D, [2014-03-24T00:30:21.098254 #14542] DEBUG -- : REQUESTING PAGE: POST /sessions with {"utf8"=>"✓", "session"=>{"email"=>"", "password"=>""}, "commit"=>"Sign in"} and HTTP headers {"HTTP_REFERER"=>"/signin"}
D, [2014-03-24T00:30:21.148839 #14542] DEBUG -- : REQUESTING PAGE: GET /signin with {} and HTTP headers {}
D, [2014-03-24T00:30:21.202026 #14542] DEBUG -- : REQUESTING PAGE: POST /sessions with {"utf8"=>"✓", "session"=>{"email"=>"bruna@gmail.com", "password"=>"foobar"}, "commit"=>"Sign in"} and HTTP headers {"HTTP_REFERER"=>"/signin"}
D, [2014-03-24T00:30:21.213828 #14542] DEBUG -- : REQUESTING PAGE: GET http://www.example.com/users/1 with {} and HTTP headers {"HTTP_REFERER"=>"/sessions"}
D, [2014-03-24T00:30:21.422144 #14542] DEBUG -- : REQUESTING PAGE: GET /signout with {} and HTTP headers {"HTTP_REFERER"=>"http://www.example.com/users/1"}
D, [2014-03-24T00:30:21.426728 #14542] DEBUG -- : REQUESTING PAGE: GET http://www.example.com/ with {} and HTTP headers {"HTTP_REFERER"=>"/signout"}
D, [2014-03-24T00:30:21.523420 #14542] DEBUG -- : REQUESTING PAGE: GET / with {} and HTTP headers {}
D, [2014-03-24T00:30:21.766280 #14542] DEBUG -- : REQUESTING PAGE: GET / with {} and HTTP headers {}
D, [2014-03-24T00:30:21.821599 #14542] DEBUG -- : REQUESTING PAGE: GET /signin with {} and HTTP headers {}
D, [2014-03-24T00:30:21.875394 #14542] DEBUG -- : REQUESTING PAGE: POST /sessions with {"utf8"=>"✓", "session"=>{"email"=>"bruna@gmail.com", "password"=>"foobar"}, "commit"=>"Sign in"} and HTTP headers {"HTTP_REFERER"=>"/signin"}
D, [2014-03-24T00:30:21.889886 #14542] DEBUG -- : REQUESTING PAGE: GET http://www.example.com/users/1 with {} and HTTP headers {"HTTP_REFERER"=>"/sessions"}
D, [2014-03-24T00:30:21.934386 #14542] DEBUG -- : REQUESTING PAGE: GET / with {} and HTTP headers {"HTTP_REFERER"=>"http://www.example.com/users/1"}
D, [2014-03-24T00:30:21.998950 #14542] DEBUG -- : REQUESTING PAGE: GET /signin with {} and HTTP headers {}
D, [2014-03-24T00:30:22.039807 #14542] DEBUG -- : REQUESTING PAGE: POST /sessions with {"utf8"=>"✓", "session"=>{"email"=>"bruna@gmail.com", "password"=>"foobar"}, "commit"=>"Sign in"} and HTTP headers {"HTTP_REFERER"=>"/signin"}
D, [2014-03-24T00:30:22.045959 #14542] DEBUG -- : REQUESTING PAGE: GET http://www.example.com/users/1 with {} and HTTP headers {"HTTP_REFERER"=>"/sessions"}
D, [2014-03-24T00:30:22.084699 #14542] DEBUG -- : REQUESTING PAGE: GET / with {} and HTTP headers {"HTTP_REFERER"=>"http://www.example.com/users/1"}
D, [2014-03-24T00:30:22.134179 #14542] DEBUG -- : REQUESTING PAGE: GET /signin with {} and HTTP headers {}
D, [2014-03-24T00:30:22.182171 #14542] DEBUG -- : REQUESTING PAGE: POST /sessions with {"utf8"=>"✓", "session"=>{"email"=>"bruna@gmail.com", "password"=>"foobar"}, "commit"=>"Sign in"} and HTTP headers {"HTTP_REFERER"=>"/signin"}
D, [2014-03-24T00:30:22.193192 #14542] DEBUG -- : REQUESTING PAGE: GET http://www.example.com/users/1 with {} and HTTP headers {"HTTP_REFERER"=>"/sessions"}
D, [2014-03-24T00:30:22.233055 #14542] DEBUG -- : REQUESTING PAGE: GET / with {} and HTTP headers {"HTTP_REFERER"=>"http://www.example.com/users/1"}
D, [2014-03-24T00:30:22.298058 #14542] DEBUG -- : REQUESTING PAGE: GET /signin with {} and HTTP headers {}
D, [2014-03-24T00:30:22.340661 #14542] DEBUG -- : REQUESTING PAGE: POST /sessions with {"utf8"=>"✓", "session"=>{"email"=>"bruna@gmail.com", "password"=>"foobar"}, "commit"=>"Sign in"} and HTTP headers {"HTTP_REFERER"=>"/signin"}
D, [2014-03-24T00:30:22.350145 #14542] DEBUG -- : REQUESTING PAGE: GET http://www.example.com/users/1 with {} and HTTP headers {"HTTP_REFERER"=>"/sessions"}
D, [2014-03-24T00:30:22.395917 #14542] DEBUG -- : REQUESTING PAGE: GET / with {} and HTTP headers {"HTTP_REFERER"=>"http://www.example.com/users/1"}
D, [2014-03-24T00:30:22.518974 #14542] DEBUG -- : REQUESTING PAGE: GET /users/1/edit with {} and HTTP headers {}
D, [2014-03-24T00:30:22.528093 #14542] DEBUG -- : REQUESTING PAGE: GET http://www.example.com/signin with {} and HTTP headers {"HTTP_REFERER"=>"/users/1/edit"}
D, [2014-03-24T00:30:22.566675 #14542] DEBUG -- : REQUESTING PAGE: POST /sessions with {"utf8"=>"✓", "session"=>{"email"=>"bruna@gmail.com", "password"=>"foobar"}, "commit"=>"Sign in"} and HTTP headers {"HTTP_REFERER"=>"http://www.example.com/signin"}
D, [2014-03-24T00:30:22.578103 #14542] DEBUG -- : REQUESTING PAGE: GET http://www.example.com/users/1/edit with {} and HTTP headers {"HTTP_REFERER"=>"/sessions"}
D, [2014-03-24T00:30:22.626704 #14542] DEBUG -- : REQUESTING PAGE: GET /signout with {} and HTTP headers {"HTTP_REFERER"=>"http://www.example.com/users/1/edit"}
D, [2014-03-24T00:30:22.631241 #14542] DEBUG -- : REQUESTING PAGE: GET http://www.example.com/ with {} and HTTP headers {"HTTP_REFERER"=>"/signout"}
D, [2014-03-24T00:30:22.669050 #14542] DEBUG -- : REQUESTING PAGE: GET /signin with {} and HTTP headers {"HTTP_REFERER"=>"http://www.example.com/"}
D, [2014-03-24T00:30:22.708502 #14542] DEBUG -- : REQUESTING PAGE: POST /sessions with {"utf8"=>"✓", "session"=>{"email"=>"bruna@gmail.com", "password"=>"foobar"}, "commit"=>"Sign in"} and HTTP headers {"HTTP_REFERER"=>"/signin"}
D, [2014-03-24T00:30:22.715768 #14542] DEBUG -- : REQUESTING PAGE: GET http://www.example.com/users/1 with {} and HTTP headers {"HTTP_REFERER"=>"/sessions"}
D, [2014-03-24T00:36:21.954349 #14758] DEBUG -- : REQUESTING PAGE: GET / with {} and HTTP headers {}
D, [2014-03-24T00:36:21.989931 #14758] DEBUG -- : REQUESTING PAGE: GET / with {} and HTTP headers {}
D, [2014-03-24T00:36:22.050354 #14758] DEBUG -- : REQUESTING PAGE: GET /signin with {} and HTTP headers {}
D, [2014-03-24T00:36:22.087305 #14758] DEBUG -- : REQUESTING PAGE: POST /sessions with {"utf8"=>"✓", "session"=>{"email"=>"bruna@gmail.com", "password"=>"foobar"}, "commit"=>"Sign in"} and HTTP headers {"HTTP_REFERER"=>"/signin"}
D, [2014-03-24T00:36:22.095830 #14758] DEBUG -- : REQUESTING PAGE: GET http://www.example.com/users/1 with {} and HTTP headers {"HTTP_REFERER"=>"/sessions"}
D, [2014-03-24T00:36:22.138888 #14758] DEBUG -- : REQUESTING PAGE: GET / with {} and HTTP headers {"HTTP_REFERER"=>"http://www.example.com/users/1"}
D, [2014-03-24T00:36:22.178529 #14758] DEBUG -- : REQUESTING PAGE: GET /signin with {} and HTTP headers {}
D, [2014-03-24T00:36:22.208936 #14758] DEBUG -- : REQUESTING PAGE: POST /sessions with {"utf8"=>"✓", "session"=>{"email"=>"bruna@gmail.com", "password"=>"foobar"}, "commit"=>"Sign in"} and HTTP headers {"HTTP_REFERER"=>"/signin"}
D, [2014-03-24T00:36:22.215335 #14758] DEBUG -- : REQUESTING PAGE: GET http://www.example.com/users/1 with {} and HTTP headers {"HTTP_REFERER"=>"/sessions"}
D, [2014-03-24T00:36:22.243158 #14758] DEBUG -- : REQUESTING PAGE: GET / with {} and HTTP headers {"HTTP_REFERER"=>"http://www.example.com/users/1"}
D, [2014-03-24T00:36:22.276806 #14758] DEBUG -- : REQUESTING PAGE: GET /signin with {} and HTTP headers {}
D, [2014-03-24T00:36:22.314107 #14758] DEBUG -- : REQUESTING PAGE: POST /sessions with {"utf8"=>"✓", "session"=>{"email"=>"bruna@gmail.com", "password"=>"foobar"}, "commit"=>"Sign in"} and HTTP headers {"HTTP_REFERER"=>"/signin"}
D, [2014-03-24T00:36:22.320242 #14758] DEBUG -- : REQUESTING PAGE: GET http://www.example.com/users/1 with {} and HTTP headers {"HTTP_REFERER"=>"/sessions"}
D, [2014-03-24T00:36:22.346511 #14758] DEBUG -- : REQUESTING PAGE: GET / with {} and HTTP headers {"HTTP_REFERER"=>"http://www.example.com/users/1"}
D, [2014-03-24T00:36:22.379251 #14758] DEBUG -- : REQUESTING PAGE: GET /signin with {} and HTTP headers {}
D, [2014-03-24T00:36:22.408312 #14758] DEBUG -- : REQUESTING PAGE: POST /sessions with {"utf8"=>"✓", "session"=>{"email"=>"bruna@gmail.com", "password"=>"foobar"}, "commit"=>"Sign in"} and HTTP headers {"HTTP_REFERER"=>"/signin"}
D, [2014-03-24T00:36:22.415833 #14758] DEBUG -- : REQUESTING PAGE: GET http://www.example.com/users/1 with {} and HTTP headers {"HTTP_REFERER"=>"/sessions"}
D, [2014-03-24T00:36:22.454841 #14758] DEBUG -- : REQUESTING PAGE: GET / with {} and HTTP headers {"HTTP_REFERER"=>"http://www.example.com/users/1"}
D, [2014-03-24T00:36:22.649768 #14758] DEBUG -- : REQUESTING PAGE: GET /users/1/edit with {} and HTTP headers {}
D, [2014-03-24T00:36:22.656568 #14758] DEBUG -- : REQUESTING PAGE: GET http://www.example.com/signin with {} and HTTP headers {"HTTP_REFERER"=>"/users/1/edit"}
D, [2014-03-24T00:36:22.687048 #14758] DEBUG -- : REQUESTING PAGE: POST /sessions with {"utf8"=>"✓", "session"=>{"email"=>"bruna@gmail.com", "password"=>"foobar"}, "commit"=>"Sign in"} and HTTP headers {"HTTP_REFERER"=>"http://www.example.com/signin"}
D, [2014-03-24T00:36:22.693449 #14758] DEBUG -- : REQUESTING PAGE: GET http://www.example.com/users/1/edit with {} and HTTP headers {"HTTP_REFERER"=>"/sessions"}
D, [2014-03-24T00:36:22.729411 #14758] DEBUG -- : REQUESTING PAGE: GET /signout with {} and HTTP headers {"HTTP_REFERER"=>"http://www.example.com/users/1/edit"}
D, [2014-03-24T00:36:22.734055 #14758] DEBUG -- : REQUESTING PAGE: GET http://www.example.com/ with {} and HTTP headers {"HTTP_REFERER"=>"/signout"}
D, [2014-03-24T00:36:22.760315 #14758] DEBUG -- : REQUESTING PAGE: GET /signin with {} and HTTP headers {"HTTP_REFERER"=>"http://www.example.com/"}
D, [2014-03-24T00:36:22.796840 #14758] DEBUG -- : REQUESTING PAGE: POST /sessions with {"utf8"=>"✓", "session"=>{"email"=>"bruna@gmail.com", "password"=>"foobar"}, "commit"=>"Sign in"} and HTTP headers {"HTTP_REFERER"=>"/signin"}
D, [2014-03-24T00:36:22.807212 #14758] DEBUG -- : REQUESTING PAGE: GET http://www.example.com/users/1 with {} and HTTP headers {"HTTP_REFERER"=>"/sessions"}
D, [2014-03-24T00:36:23.935608 #14758] DEBUG -- : REQUESTING PAGE: GET /signup with {} and HTTP headers {}
D, [2014-03-24T00:36:23.977570 #14758] DEBUG -- : REQUESTING PAGE: POST /users with {"utf8"=>"✓", "user"=>{"name"=>"", "email"=>"", "password"=>"", "password_confirmation"=>""}, "commit"=>"Sign Up"} and HTTP headers {"HTTP_REFERER"=>"/signup"}
D, [2014-03-24T00:36:24.023047 #14758] DEBUG -- : REQUESTING PAGE: GET /signup with {} and HTTP headers {}
D, [2014-03-24T00:36:24.069199 #14758] DEBUG -- : REQUESTING PAGE: POST /users with {"utf8"=>"✓", "user"=>{"name"=>"Example User", "email"=>"userexample@example.com", "password"=>"foobar", "password_confirmation"=>"foobar"}, "commit"=>"Sign Up"} and HTTP headers {"HTTP_REFERER"=>"/signup"}
D, [2014-03-24T00:36:24.078622 #14758] DEBUG -- : REQUESTING PAGE: GET http://www.example.com/users/1 with {} and HTTP headers {"HTTP_REFERER"=>"/users"}
D, [2014-03-24T00:36:24.113820 #14758] DEBUG -- : REQUESTING PAGE: GET /signin with {} and HTTP headers {}
D, [2014-03-24T00:36:24.148696 #14758] DEBUG -- : REQUESTING PAGE: POST /sessions with {"utf8"=>"✓", "session"=>{"email"=>"", "password"=>""}, "commit"=>"Sign in"} and HTTP headers {"HTTP_REFERER"=>"/signin"}
D, [2014-03-24T00:36:24.184385 #14758] DEBUG -- : REQUESTING PAGE: GET /signin with {} and HTTP headers {}
D, [2014-03-24T00:36:24.219462 #14758] DEBUG -- : REQUESTING PAGE: POST /sessions with {"utf8"=>"✓", "session"=>{"email"=>"bruna@gmail.com", "password"=>"foobar"}, "commit"=>"Sign in"} and HTTP headers {"HTTP_REFERER"=>"/signin"}
D, [2014-03-24T00:36:24.225820 #14758] DEBUG -- : REQUESTING PAGE: GET http://www.example.com/users/1 with {} and HTTP headers {"HTTP_REFERER"=>"/sessions"}
D, [2014-03-24T00:36:24.256653 #14758] DEBUG -- : REQUESTING PAGE: GET /signout with {} and HTTP headers {"HTTP_REFERER"=>"http://www.example.com/users/1"}
D, [2014-03-24T00:36:24.262640 #14758] DEBUG -- : REQUESTING PAGE: GET http://www.example.com/ with {} and HTTP headers {"HTTP_REFERER"=>"/signout"}
D, [2014-03-24T00:36:26.860654 #14761] DEBUG -- : REQUESTING PAGE: GET /signup with {} and HTTP headers {}
D, [2014-03-24T00:36:26.981708 #14761] DEBUG -- : REQUESTING PAGE: POST /users with {"utf8"=>"✓", "user"=>{"name"=>"", "email"=>"", "password"=>"", "password_confirmation"=>""}, "commit"=>"Sign Up"} and HTTP headers {"HTTP_REFERER"=>"/signup"}
D, [2014-03-24T00:36:27.037629 #14761] DEBUG -- : REQUESTING PAGE: GET /signup with {} and HTTP headers {}
D, [2014-03-24T00:36:27.073243 #14761] DEBUG -- : REQUESTING PAGE: POST /users with {"utf8"=>"✓", "user"=>{"name"=>"Example User", "email"=>"userexample@example.com", "password"=>"foobar", "password_confirmation"=>"foobar"}, "commit"=>"Sign Up"} and HTTP headers {"HTTP_REFERER"=>"/signup"}
D, [2014-03-24T00:36:27.092332 #14761] DEBUG -- : REQUESTING PAGE: GET http://www.example.com/users/1 with {} and HTTP headers {"HTTP_REFERER"=>"/users"}
D, [2014-03-24T00:36:27.125699 #14761] DEBUG -- : REQUESTING PAGE: GET /signin with {} and HTTP headers {}
D, [2014-03-24T00:36:27.164579 #14761] DEBUG -- : REQUESTING PAGE: POST /sessions with {"utf8"=>"✓", "session"=>{"email"=>"", "password"=>""}, "commit"=>"Sign in"} and HTTP headers {"HTTP_REFERER"=>"/signin"}
D, [2014-03-24T00:36:27.210075 #14761] DEBUG -- : REQUESTING PAGE: GET /signin with {} and HTTP headers {}
D, [2014-03-24T00:36:27.247740 #14761] DEBUG -- : REQUESTING PAGE: POST /sessions with {"utf8"=>"✓", "session"=>{"email"=>"bruna@gmail.com", "password"=>"foobar"}, "commit"=>"Sign in"} and HTTP headers {"HTTP_REFERER"=>"/signin"}
D, [2014-03-24T00:36:27.254292 #14761] DEBUG -- : REQUESTING PAGE: GET http://www.example.com/users/1 with {} and HTTP headers {"HTTP_REFERER"=>"/sessions"}
D, [2014-03-24T00:36:27.282224 #14761] DEBUG -- : REQUESTING PAGE: GET /signout with {} and HTTP headers {"HTTP_REFERER"=>"http://www.example.com/users/1"}
D, [2014-03-24T00:36:27.287306 #14761] DEBUG -- : REQUESTING PAGE: GET http://www.example.com/ with {} and HTTP headers {"HTTP_REFERER"=>"/signout"}
D, [2014-03-24T00:36:29.712071 #14765] DEBUG -- : REQUESTING PAGE: GET /signup with {} and HTTP headers {}
D, [2014-03-24T00:36:29.834224 #14765] DEBUG -- : REQUESTING PAGE: POST /users with {"utf8"=>"✓", "user"=>{"name"=>"", "email"=>"", "password"=>"", "password_confirmation"=>""}, "commit"=>"Sign Up"} and HTTP headers {"HTTP_REFERER"=>"/signup"}
D, [2014-03-24T00:36:29.889610 #14765] DEBUG -- : REQUESTING PAGE: GET /signup with {} and HTTP headers {}
D, [2014-03-24T00:36:29.927356 #14765] DEBUG -- : REQUESTING PAGE: POST /users with {"utf8"=>"✓", "user"=>{"name"=>"Example User", "email"=>"userexample@example.com", "password"=>"foobar", "password_confirmation"=>"foobar"}, "commit"=>"Sign Up"} and HTTP headers {"HTTP_REFERER"=>"/signup"}
D, [2014-03-24T00:36:29.949348 #14765] DEBUG -- : REQUESTING PAGE: GET http://www.example.com/users/1 with {} and HTTP headers {"HTTP_REFERER"=>"/users"}
D, [2014-03-24T00:36:29.983081 #14765] DEBUG -- : REQUESTING PAGE: GET /signin with {} and HTTP headers {}
D, [2014-03-24T00:36:30.022016 #14765] DEBUG -- : REQUESTING PAGE: POST /sessions with {"utf8"=>"✓", "session"=>{"email"=>"", "password"=>""}, "commit"=>"Sign in"} and HTTP headers {"HTTP_REFERER"=>"/signin"}
D, [2014-03-24T00:36:30.057401 #14765] DEBUG -- : REQUESTING PAGE: GET /signin with {} and HTTP headers {}
D, [2014-03-24T00:36:30.096737 #14765] DEBUG -- : REQUESTING PAGE: POST /sessions with {"utf8"=>"✓", "session"=>{"email"=>"bruna@gmail.com", "password"=>"foobar"}, "commit"=>"Sign in"} and HTTP headers {"HTTP_REFERER"=>"/signin"}
D, [2014-03-24T00:36:30.103019 #14765] DEBUG -- : REQUESTING PAGE: GET http://www.example.com/users/1 with {} and HTTP headers {"HTTP_REFERER"=>"/sessions"}
D, [2014-03-24T00:36:30.130574 #14765] DEBUG -- : REQUESTING PAGE: GET /signout with {} and HTTP headers {"HTTP_REFERER"=>"http://www.example.com/users/1"}
D, [2014-03-24T00:36:30.135324 #14765] DEBUG -- : REQUESTING PAGE: GET http://www.example.com/ with {} and HTTP headers {"HTTP_REFERER"=>"/signout"}
D, [2014-03-24T00:36:33.128853 #14769] DEBUG -- : REQUESTING PAGE: GET /signup with {} and HTTP headers {}
D, [2014-03-24T00:36:33.256029 #14769] DEBUG -- : REQUESTING PAGE: POST /users with {"utf8"=>"✓", "user"=>{"name"=>"", "email"=>"", "password"=>"", "password_confirmation"=>""}, "commit"=>"Sign Up"} and HTTP headers {"HTTP_REFERER"=>"/signup"}
D, [2014-03-24T00:36:33.310203 #14769] DEBUG -- : REQUESTING PAGE: GET /signup with {} and HTTP headers {}
D, [2014-03-24T00:36:33.346550 #14769] DEBUG -- : REQUESTING PAGE: POST /users with {"utf8"=>"✓", "user"=>{"name"=>"Example User", "email"=>"userexample@example.com", "password"=>"foobar", "password_confirmation"=>"foobar"}, "commit"=>"Sign Up"} and HTTP headers {"HTTP_REFERER"=>"/signup"}
D, [2014-03-24T00:36:33.364014 #14769] DEBUG -- : REQUESTING PAGE: GET http://www.example.com/users/1 with {} and HTTP headers {"HTTP_REFERER"=>"/users"}
D, [2014-03-24T00:36:33.402650 #14769] DEBUG -- : REQUESTING PAGE: GET /signin with {} and HTTP headers {}
D, [2014-03-24T00:36:33.439442 #14769] DEBUG -- : REQUESTING PAGE: POST /sessions with {"utf8"=>"✓", "session"=>{"email"=>"", "password"=>""}, "commit"=>"Sign in"} and HTTP headers {"HTTP_REFERER"=>"/signin"}
D, [2014-03-24T00:36:33.481636 #14769] DEBUG -- : REQUESTING PAGE: GET /signin with {} and HTTP headers {}
D, [2014-03-24T00:36:33.526628 #14769] DEBUG -- : REQUESTING PAGE: POST /sessions with {"utf8"=>"✓", "session"=>{"email"=>"bruna@gmail.com", "password"=>"foobar"}, "commit"=>"Sign in"} and HTTP headers {"HTTP_REFERER"=>"/signin"}
D, [2014-03-24T00:36:33.536654 #14769] DEBUG -- : REQUESTING PAGE: GET http://www.example.com/users/1 with {} and HTTP headers {"HTTP_REFERER"=>"/sessions"}
D, [2014-03-24T00:36:33.575751 #14769] DEBUG -- : REQUESTING PAGE: GET /signout with {} and HTTP headers {"HTTP_REFERER"=>"http://www.example.com/users/1"}
D, [2014-03-24T00:36:33.582725 #14769] DEBUG -- : REQUESTING PAGE: GET http://www.example.com/ with {} and HTTP headers {"HTTP_REFERER"=>"/signout"}
D, [2014-03-24T00:36:36.566337 #14772] DEBUG -- : REQUESTING PAGE: GET /signin with {} and HTTP headers {}
D, [2014-03-24T00:36:36.678587 #14772] DEBUG -- : REQUESTING PAGE: POST /sessions with {"utf8"=>"✓", "session"=>{"email"=>"bruna@gmail.com", "password"=>"foobar"}, "commit"=>"Sign in"} and HTTP headers {"HTTP_REFERER"=>"/signin"}
D, [2014-03-24T00:36:36.688273 #14772] DEBUG -- : REQUESTING PAGE: GET http://www.example.com/users/1 with {} and HTTP headers {"HTTP_REFERER"=>"/sessions"}
D, [2014-03-24T00:36:36.724148 #14772] DEBUG -- : REQUESTING PAGE: GET /signout with {} and HTTP headers {"HTTP_REFERER"=>"http://www.example.com/users/1"}
D, [2014-03-24T00:36:36.730386 #14772] DEBUG -- : REQUESTING PAGE: GET http://www.example.com/ with {} and HTTP headers {"HTTP_REFERER"=>"/signout"}
D, [2014-03-24T00:36:36.765262 #14772] DEBUG -- : REQUESTING PAGE: GET /signin with {} and HTTP headers {}
D, [2014-03-24T00:36:36.798195 #14772] DEBUG -- : REQUESTING PAGE: POST /sessions with {"utf8"=>"✓", "session"=>{"email"=>"", "password"=>""}, "commit"=>"Sign in"} and HTTP headers {"HTTP_REFERER"=>"/signin"}
D, [2014-03-24T00:36:36.838302 #14772] DEBUG -- : REQUESTING PAGE: GET /signup with {} and HTTP headers {}
D, [2014-03-24T00:36:36.914838 #14772] DEBUG -- : REQUESTING PAGE: POST /users with {"utf8"=>"✓", "user"=>{"name"=>"Example User", "email"=>"userexample@example.com", "password"=>"foobar", "password_confirmation"=>"foobar"}, "commit"=>"Sign Up"} and HTTP headers {"HTTP_REFERER"=>"/signup"}
D, [2014-03-24T00:36:36.925514 #14772] DEBUG -- : REQUESTING PAGE: GET http://www.example.com/users/1 with {} and HTTP headers {"HTTP_REFERER"=>"/users"}
D, [2014-03-24T00:36:36.954576 #14772] DEBUG -- : REQUESTING PAGE: GET /signup with {} and HTTP headers {}
D, [2014-03-24T00:36:36.994128 #14772] DEBUG -- : REQUESTING PAGE: POST /users with {"utf8"=>"✓", "user"=>{"name"=>"", "email"=>"", "password"=>"", "password_confirmation"=>""}, "commit"=>"Sign Up"} and HTTP headers {"HTTP_REFERER"=>"/signup"}
D, [2014-03-24T00:36:39.391352 #14775] DEBUG -- : REQUESTING PAGE: GET /signup with {} and HTTP headers {}
D, [2014-03-24T00:36:39.523710 #14775] DEBUG -- : REQUESTING PAGE: POST /users with {"utf8"=>"✓", "user"=>{"name"=>"", "email"=>"", "password"=>"", "password_confirmation"=>""}, "commit"=>"Sign Up"} and HTTP headers {"HTTP_REFERER"=>"/signup"}
D, [2014-03-24T00:36:39.592234 #14775] DEBUG -- : REQUESTING PAGE: GET /signup with {} and HTTP headers {}
D, [2014-03-24T00:36:39.630052 #14775] DEBUG -- : REQUESTING PAGE: POST /users with {"utf8"=>"✓", "user"=>{"name"=>"Example User", "email"=>"userexample@example.com", "password"=>"foobar", "password_confirmation"=>"foobar"}, "commit"=>"Sign Up"} and HTTP headers {"HTTP_REFERER"=>"/signup"}
D, [2014-03-24T00:36:39.648078 #14775] DEBUG -- : REQUESTING PAGE: GET http://www.example.com/users/1 with {} and HTTP headers {"HTTP_REFERER"=>"/users"}
D, [2014-03-24T00:36:39.683899 #14775] DEBUG -- : REQUESTING PAGE: GET /signin with {} and HTTP headers {}
D, [2014-03-24T00:36:39.720429 #14775] DEBUG -- : REQUESTING PAGE: POST /sessions with {"utf8"=>"✓", "session"=>{"email"=>"", "password"=>""}, "commit"=>"Sign in"} and HTTP headers {"HTTP_REFERER"=>"/signin"}
D, [2014-03-24T00:36:39.764571 #14775] DEBUG -- : REQUESTING PAGE: GET /signin with {} and HTTP headers {}
D, [2014-03-24T00:36:39.795506 #14775] DEBUG -- : REQUESTING PAGE: POST /sessions with {"utf8"=>"✓", "session"=>{"email"=>"bruna@gmail.com", "password"=>"foobar"}, "commit"=>"Sign in"} and HTTP headers {"HTTP_REFERER"=>"/signin"}
D, [2014-03-24T00:36:39.801956 #14775] DEBUG -- : REQUESTING PAGE: GET http://www.example.com/users/1 with {} and HTTP headers {"HTTP_REFERER"=>"/sessions"}
D, [2014-03-24T00:36:39.830918 #14775] DEBUG -- : REQUESTING PAGE: GET /signout with {} and HTTP headers {"HTTP_REFERER"=>"http://www.example.com/users/1"}
D, [2014-03-24T00:36:39.835461 #14775] DEBUG -- : REQUESTING PAGE: GET http://www.example.com/ with {} and HTTP headers {"HTTP_REFERER"=>"/signout"}
D, [2014-03-24T00:36:42.323869 #14778] DEBUG -- : REQUESTING PAGE: GET /signup with {} and HTTP headers {}
D, [2014-03-24T00:36:42.487906 #14778] DEBUG -- : REQUESTING PAGE: POST /users with {"utf8"=>"✓", "user"=>{"name"=>"", "email"=>"", "password"=>"", "password_confirmation"=>""}, "commit"=>"Sign Up"} and HTTP headers {"HTTP_REFERER"=>"/signup"}
D, [2014-03-24T00:36:42.571292 #14778] DEBUG -- : REQUESTING PAGE: GET /signup with {} and HTTP headers {}
D, [2014-03-24T00:36:42.627914 #14778] DEBUG -- : REQUESTING PAGE: POST /users with {"utf8"=>"✓", "user"=>{"name"=>"Example User", "email"=>"userexample@example.com", "password"=>"foobar", "password_confirmation"=>"foobar"}, "commit"=>"Sign Up"} and HTTP headers {"HTTP_REFERER"=>"/signup"}
D, [2014-03-24T00:36:42.651200 #14778] DEBUG -- : REQUESTING PAGE: GET http://www.example.com/users/1 with {} and HTTP headers {"HTTP_REFERER"=>"/users"}
D, [2014-03-24T00:36:42.695800 #14778] DEBUG -- : REQUESTING PAGE: GET /signin with {} and HTTP headers {}
D, [2014-03-24T00:36:42.739493 #14778] DEBUG -- : REQUESTING PAGE: POST /sessions with {"utf8"=>"✓", "session"=>{"email"=>"", "password"=>""}, "commit"=>"Sign in"} and HTTP headers {"HTTP_REFERER"=>"/signin"}
D, [2014-03-24T00:36:42.791466 #14778] DEBUG -- : REQUESTING PAGE: GET /signin with {} and HTTP headers {}
D, [2014-03-24T00:36:42.825814 #14778] DEBUG -- : REQUESTING PAGE: POST /sessions with {"utf8"=>"✓", "session"=>{"email"=>"bruna@gmail.com", "password"=>"foobar"}, "commit"=>"Sign in"} and HTTP headers {"HTTP_REFERER"=>"/signin"}
D, [2014-03-24T00:36:42.832029 #14778] DEBUG -- : REQUESTING PAGE: GET http://www.example.com/users/1 with {} and HTTP headers {"HTTP_REFERER"=>"/sessions"}
D, [2014-03-24T00:36:42.865814 #14778] DEBUG -- : REQUESTING PAGE: GET /signout with {} and HTTP headers {"HTTP_REFERER"=>"http://www.example.com/users/1"}
D, [2014-03-24T00:36:42.870430 #14778] DEBUG -- : REQUESTING PAGE: GET http://www.example.com/ with {} and HTTP headers {"HTTP_REFERER"=>"/signout"}
D, [2014-03-24T00:36:45.834676 #14781] DEBUG -- : REQUESTING PAGE: GET /signup with {} and HTTP headers {}
D, [2014-03-24T00:36:45.964549 #14781] DEBUG -- : REQUESTING PAGE: POST /users with {"utf8"=>"✓", "user"=>{"name"=>"", "email"=>"", "password"=>"", "password_confirmation"=>""}, "commit"=>"Sign Up"} and HTTP headers {"HTTP_REFERER"=>"/signup"}
D, [2014-03-24T00:36:46.023037 #14781] DEBUG -- : REQUESTING PAGE: GET /signup with {} and HTTP headers {}
D, [2014-03-24T00:36:46.060944 #14781] DEBUG -- : REQUESTING PAGE: POST /users with {"utf8"=>"✓", "user"=>{"name"=>"Example User", "email"=>"userexample@example.com", "password"=>"foobar", "password_confirmation"=>"foobar"}, "commit"=>"Sign Up"} and HTTP headers {"HTTP_REFERER"=>"/signup"}
D, [2014-03-24T00:36:46.086145 #14781] DEBUG -- : REQUESTING PAGE: GET http://www.example.com/users/1 with {} and HTTP headers {"HTTP_REFERER"=>"/users"}
D, [2014-03-24T00:36:46.127903 #14781] DEBUG -- : REQUESTING PAGE: GET /signin with {} and HTTP headers {}
D, [2014-03-24T00:36:46.165059 #14781] DEBUG -- : REQUESTING PAGE: POST /sessions with {"utf8"=>"✓", "session"=>{"email"=>"", "password"=>""}, "commit"=>"Sign in"} and HTTP headers {"HTTP_REFERER"=>"/signin"}
D, [2014-03-24T00:36:46.210789 #14781] DEBUG -- : REQUESTING PAGE: GET /signin with {} and HTTP headers {}
D, [2014-03-24T00:36:46.241227 #14781] DEBUG -- : REQUESTING PAGE: POST /sessions with {"utf8"=>"✓", "session"=>{"email"=>"bruna@gmail.com", "password"=>"foobar"}, "commit"=>"Sign in"} and HTTP headers {"HTTP_REFERER"=>"/signin"}
D, [2014-03-24T00:36:46.248396 #14781] DEBUG -- : REQUESTING PAGE: GET http://www.example.com/users/1 with {} and HTTP headers {"HTTP_REFERER"=>"/sessions"}
D, [2014-03-24T00:36:46.279366 #14781] DEBUG -- : REQUESTING PAGE: GET /signout with {} and HTTP headers {"HTTP_REFERER"=>"http://www.example.com/users/1"}
D, [2014-03-24T00:36:46.284591 #14781] DEBUG -- : REQUESTING PAGE: GET http://www.example.com/ with {} and HTTP headers {"HTTP_REFERER"=>"/signout"}
D, [2014-03-24T00:36:49.420961 #14792] DEBUG -- : REQUESTING PAGE: GET /signin with {} and HTTP headers {}
D, [2014-03-24T00:36:49.529905 #14792] DEBUG -- : REQUESTING PAGE: POST /sessions with {"utf8"=>"✓", "session"=>{"email"=>"bruna@gmail.com", "password"=>"foobar"}, "commit"=>"Sign in"} and HTTP headers {"HTTP_REFERER"=>"/signin"}
D, [2014-03-24T00:36:49.539689 #14792] DEBUG -- : REQUESTING PAGE: GET http://www.example.com/users/1 with {} and HTTP headers {"HTTP_REFERER"=>"/sessions"}
D, [2014-03-24T00:36:49.578647 #14792] DEBUG -- : REQUESTING PAGE: GET /signout with {} and HTTP headers {"HTTP_REFERER"=>"http://www.example.com/users/1"}
D, [2014-03-24T00:36:49.583396 #14792] DEBUG -- : REQUESTING PAGE: GET http://www.example.com/ with {} and HTTP headers {"HTTP_REFERER"=>"/signout"}
D, [2014-03-24T00:36:49.615183 #14792] DEBUG -- : REQUESTING PAGE: GET /signin with {} and HTTP headers {}
D, [2014-03-24T00:36:49.647530 #14792] DEBUG -- : REQUESTING PAGE: POST /sessions with {"utf8"=>"✓", "session"=>{"email"=>"", "password"=>""}, "commit"=>"Sign in"} and HTTP headers {"HTTP_REFERER"=>"/signin"}
D, [2014-03-24T00:36:49.681107 #14792] DEBUG -- : REQUESTING PAGE: GET /signup with {} and HTTP headers {}
D, [2014-03-24T00:36:49.726000 #14792] DEBUG -- : REQUESTING PAGE: POST /users with {"utf8"=>"✓", "user"=>{"name"=>"Example User", "email"=>"userexample@example.com", "password"=>"foobar", "password_confirmation"=>"foobar"}, "commit"=>"Sign Up"} and HTTP headers {"HTTP_REFERER"=>"/signup"}
D, [2014-03-24T00:36:49.736350 #14792] DEBUG -- : REQUESTING PAGE: GET http://www.example.com/users/1 with {} and HTTP headers {"HTTP_REFERER"=>"/users"}
D, [2014-03-24T00:36:49.772983 #14792] DEBUG -- : REQUESTING PAGE: GET /signup with {} and HTTP headers {}
D, [2014-03-24T00:36:49.821560 #14792] DEBUG -- : REQUESTING PAGE: POST /users with {"utf8"=>"✓", "user"=>{"name"=>"", "email"=>"", "password"=>"", "password_confirmation"=>""}, "commit"=>"Sign Up"} and HTTP headers {"HTTP_REFERER"=>"/signup"}
D, [2014-03-24T00:36:52.270445 #14795] DEBUG -- : REQUESTING PAGE: GET /signup with {} and HTTP headers {}
D, [2014-03-24T00:36:52.400430 #14795] DEBUG -- : REQUESTING PAGE: POST /users with {"utf8"=>"✓", "user"=>{"name"=>"", "email"=>"", "password"=>"", "password_confirmation"=>""}, "commit"=>"Sign Up"} and HTTP headers {"HTTP_REFERER"=>"/signup"}
D, [2014-03-24T00:36:52.454934 #14795] DEBUG -- : REQUESTING PAGE: GET /signup with {} and HTTP headers {}
D, [2014-03-24T00:36:52.497440 #14795] DEBUG -- : REQUESTING PAGE: POST /users with {"utf8"=>"✓", "user"=>{"name"=>"Example User", "email"=>"userexample@example.com", "password"=>"foobar", "password_confirmation"=>"foobar"}, "commit"=>"Sign Up"} and HTTP headers {"HTTP_REFERER"=>"/signup"}
D, [2014-03-24T00:36:52.518569 #14795] DEBUG -- : REQUESTING PAGE: GET http://www.example.com/users/1 with {} and HTTP headers {"HTTP_REFERER"=>"/users"}
D, [2014-03-24T00:36:52.559673 #14795] DEBUG -- : REQUESTING PAGE: GET /signin with {} and HTTP headers {}
D, [2014-03-24T00:36:52.595569 #14795] DEBUG -- : REQUESTING PAGE: POST /sessions with {"utf8"=>"✓", "session"=>{"email"=>"", "password"=>""}, "commit"=>"Sign in"} and HTTP headers {"HTTP_REFERER"=>"/signin"}
D, [2014-03-24T00:36:52.642396 #14795] DEBUG -- : REQUESTING PAGE: GET /signin with {} and HTTP headers {}
D, [2014-03-24T00:36:52.672270 #14795] DEBUG -- : REQUESTING PAGE: POST /sessions with {"utf8"=>"✓", "session"=>{"email"=>"bruna@gmail.com", "password"=>"foobar"}, "commit"=>"Sign in"} and HTTP headers {"HTTP_REFERER"=>"/signin"}
D, [2014-03-24T00:36:52.679355 #14795] DEBUG -- : REQUESTING PAGE: GET http://www.example.com/users/1 with {} and HTTP headers {"HTTP_REFERER"=>"/sessions"}
D, [2014-03-24T00:36:52.710601 #14795] DEBUG -- : REQUESTING PAGE: GET /signout with {} and HTTP headers {"HTTP_REFERER"=>"http://www.example.com/users/1"}
D, [2014-03-24T00:36:52.715417 #14795] DEBUG -- : REQUESTING PAGE: GET http://www.example.com/ with {} and HTTP headers {"HTTP_REFERER"=>"/signout"}
D, [2014-03-24T00:36:55.714823 #14798] DEBUG -- : REQUESTING PAGE: GET /signup with {} and HTTP headers {}
D, [2014-03-24T00:36:55.845560 #14798] DEBUG -- : REQUESTING PAGE: POST /users with {"utf8"=>"✓", "user"=>{"name"=>"", "email"=>"", "password"=>"", "password_confirmation"=>""}, "commit"=>"Sign Up"} and HTTP headers {"HTTP_REFERER"=>"/signup"}
D, [2014-03-24T00:36:55.907013 #14798] DEBUG -- : REQUESTING PAGE: GET /signup with {} and HTTP headers {}
D, [2014-03-24T00:36:55.955002 #14798] DEBUG -- : REQUESTING PAGE: POST /users with {"utf8"=>"✓", "user"=>{"name"=>"Example User", "email"=>"userexample@example.com", "password"=>"foobar", "password_confirmation"=>"foobar"}, "commit"=>"Sign Up"} and HTTP headers {"HTTP_REFERER"=>"/signup"}
D, [2014-03-24T00:36:55.980815 #14798] DEBUG -- : REQUESTING PAGE: GET http://www.example.com/users/1 with {} and HTTP headers {"HTTP_REFERER"=>"/users"}
D, [2014-03-24T00:36:56.024648 #14798] DEBUG -- : REQUESTING PAGE: GET /signin with {} and HTTP headers {}
D, [2014-03-24T00:36:56.070301 #14798] DEBUG -- : REQUESTING PAGE: POST /sessions with {"utf8"=>"✓", "session"=>{"email"=>"", "password"=>""}, "commit"=>"Sign in"} and HTTP headers {"HTTP_REFERER"=>"/signin"}
D, [2014-03-24T00:36:56.129066 #14798] DEBUG -- : REQUESTING PAGE: GET /signin with {} and HTTP headers {}
D, [2014-03-24T00:36:56.170068 #14798] DEBUG -- : REQUESTING PAGE: POST /sessions with {"utf8"=>"✓", "session"=>{"email"=>"bruna@gmail.com", "password"=>"foobar"}, "commit"=>"Sign in"} and HTTP headers {"HTTP_REFERER"=>"/signin"}
D, [2014-03-24T00:36:56.181297 #14798] DEBUG -- : REQUESTING PAGE: GET http://www.example.com/users/1 with {} and HTTP headers {"HTTP_REFERER"=>"/sessions"}
D, [2014-03-24T00:36:56.219196 #14798] DEBUG -- : REQUESTING PAGE: GET /signout with {} and HTTP headers {"HTTP_REFERER"=>"http://www.example.com/users/1"}
D, [2014-03-24T00:36:56.226212 #14798] DEBUG -- : REQUESTING PAGE: GET http://www.example.com/ with {} and HTTP headers {"HTTP_REFERER"=>"/signout"}
D, [2014-03-24T00:36:58.659838 #14801] DEBUG -- : REQUESTING PAGE: GET /signup with {} and HTTP headers {}
D, [2014-03-24T00:36:58.801437 #14801] DEBUG -- : REQUESTING PAGE: POST /users with {"utf8"=>"✓", "user"=>{"name"=>"", "email"=>"", "password"=>"", "password_confirmation"=>""}, "commit"=>"Sign Up"} and HTTP headers {"HTTP_REFERER"=>"/signup"}
D, [2014-03-24T00:36:58.873921 #14801] DEBUG -- : REQUESTING PAGE: GET /signup with {} and HTTP headers {}
D, [2014-03-24T00:36:58.922550 #14801] DEBUG -- : REQUESTING PAGE: POST /users with {"utf8"=>"✓", "user"=>{"name"=>"Example User", "email"=>"userexample@example.com", "password"=>"foobar", "password_confirmation"=>"foobar"}, "commit"=>"Sign Up"} and HTTP headers {"HTTP_REFERER"=>"/signup"}
D, [2014-03-24T00:36:58.953382 #14801] DEBUG -- : REQUESTING PAGE: GET http://www.example.com/users/1 with {} and HTTP headers {"HTTP_REFERER"=>"/users"}
D, [2014-03-24T00:36:59.004751 #14801] DEBUG -- : REQUESTING PAGE: GET /signin with {} and HTTP headers {}
D, [2014-03-24T00:36:59.051581 #14801] DEBUG -- : REQUESTING PAGE: POST /sessions with {"utf8"=>"✓", "session"=>{"email"=>"", "password"=>""}, "commit"=>"Sign in"} and HTTP headers {"HTTP_REFERER"=>"/signin"}
D, [2014-03-24T00:36:59.105283 #14801] DEBUG -- : REQUESTING PAGE: GET /signin with {} and HTTP headers {}
D, [2014-03-24T00:36:59.147904 #14801] DEBUG -- : REQUESTING PAGE: POST /sessions with {"utf8"=>"✓", "session"=>{"email"=>"bruna@gmail.com", "password"=>"foobar"}, "commit"=>"Sign in"} and HTTP headers {"HTTP_REFERER"=>"/signin"}
D, [2014-03-24T00:36:59.158941 #14801] DEBUG -- : REQUESTING PAGE: GET http://www.example.com/users/1 with {} and HTTP headers {"HTTP_REFERER"=>"/sessions"}
D, [2014-03-24T00:36:59.188727 #14801] DEBUG -- : REQUESTING PAGE: GET /signout with {} and HTTP headers {"HTTP_REFERER"=>"http://www.example.com/users/1"}
D, [2014-03-24T00:36:59.194397 #14801] DEBUG -- : REQUESTING PAGE: GET http://www.example.com/ with {} and HTTP headers {"HTTP_REFERER"=>"/signout"}
D, [2014-03-24T00:37:01.851740 #14804] DEBUG -- : REQUESTING PAGE: GET /signin with {} and HTTP headers {}
D, [2014-03-24T00:37:01.973971 #14804] DEBUG -- : REQUESTING PAGE: POST /sessions with {"utf8"=>"✓", "session"=>{"email"=>"bruna@gmail.com", "password"=>"foobar"}, "commit"=>"Sign in"} and HTTP headers {"HTTP_REFERER"=>"/signin"}
D, [2014-03-24T00:37:01.984723 #14804] DEBUG -- : REQUESTING PAGE: GET http://www.example.com/users/1 with {} and HTTP headers {"HTTP_REFERER"=>"/sessions"}
D, [2014-03-24T00:37:02.029957 #14804] DEBUG -- : REQUESTING PAGE: GET /signout with {} and HTTP headers {"HTTP_REFERER"=>"http://www.example.com/users/1"}
D, [2014-03-24T00:37:02.035889 #14804] DEBUG -- : REQUESTING PAGE: GET http://www.example.com/ with {} and HTTP headers {"HTTP_REFERER"=>"/signout"}
D, [2014-03-24T00:37:02.073029 #14804] DEBUG -- : REQUESTING PAGE: GET /signin with {} and HTTP headers {}
D, [2014-03-24T00:37:02.108929 #14804] DEBUG -- : REQUESTING PAGE: POST /sessions with {"utf8"=>"✓", "session"=>{"email"=>"", "password"=>""}, "commit"=>"Sign in"} and HTTP headers {"HTTP_REFERER"=>"/signin"}
D, [2014-03-24T00:37:02.147038 #14804] DEBUG -- : REQUESTING PAGE: GET /signup with {} and HTTP headers {}
D, [2014-03-24T00:37:02.201702 #14804] DEBUG -- : REQUESTING PAGE: POST /users with {"utf8"=>"✓", "user"=>{"name"=>"Example User", "email"=>"userexample@example.com", "password"=>"foobar", "password_confirmation"=>"foobar"}, "commit"=>"Sign Up"} and HTTP headers {"HTTP_REFERER"=>"/signup"}
D, [2014-03-24T00:37:02.213086 #14804] DEBUG -- : REQUESTING PAGE: GET http://www.example.com/users/1 with {} and HTTP headers {"HTTP_REFERER"=>"/users"}
D, [2014-03-24T00:37:02.252918 #14804] DEBUG -- : REQUESTING PAGE: GET /signup with {} and HTTP headers {}
D, [2014-03-24T00:37:02.291584 #14804] DEBUG -- : REQUESTING PAGE: POST /users with {"utf8"=>"✓", "user"=>{"name"=>"", "email"=>"", "password"=>"", "password_confirmation"=>""}, "commit"=>"Sign Up"} and HTTP headers {"HTTP_REFERER"=>"/signup"}
